[2022-11-16 02:35:07,258] {taskinstance.py:1037} INFO - Dependencies all met for <TaskInstance: example_bash_operator.also_run_this scheduled__2022-11-15T00:00:00+00:00 [queued]>
[2022-11-16 02:35:07,263] {taskinstance.py:1037} INFO - Dependencies all met for <TaskInstance: example_bash_operator.also_run_this scheduled__2022-11-15T00:00:00+00:00 [queued]>
[2022-11-16 02:35:07,263] {taskinstance.py:1243} INFO - 
--------------------------------------------------------------------------------
[2022-11-16 02:35:07,263] {taskinstance.py:1244} INFO - Starting attempt 1 of 1
[2022-11-16 02:35:07,263] {taskinstance.py:1245} INFO - 
--------------------------------------------------------------------------------
[2022-11-16 02:35:07,278] {taskinstance.py:1264} INFO - Executing <Task(BashOperator): also_run_this> on 2022-11-15 00:00:00+00:00
[2022-11-16 02:35:07,280] {standard_task_runner.py:52} INFO - Started process 16764 to run task
[2022-11-16 02:35:07,282] {standard_task_runner.py:76} INFO - Running: ['airflow', 'tasks', 'run', 'example_bash_operator', 'also_run_this', 'scheduled__2022-11-15T00:00:00+00:00', '--job-id', '6', '--raw', '--subdir', '/usr/local/lib/python3.7/site-packages/airflow/example_dags/example_bash_operator.py', '--cfg-path', '/tmp/tmp2ohppxje', '--error-file', '/tmp/tmpjzsrmvgn']
[2022-11-16 02:35:07,282] {standard_task_runner.py:77} INFO - Job 6: Subtask also_run_this
[2022-11-16 02:35:07,314] {logging_mixin.py:109} INFO - Running <TaskInstance: example_bash_operator.also_run_this scheduled__2022-11-15T00:00:00+00:00 [running]> on host b1a92a8eed34
[2022-11-16 02:35:07,350] {taskinstance.py:1431} INFO - Exporting the following env vars:
AIRFLOW_CTX_DAG_OWNER=airflow
AIRFLOW_CTX_DAG_ID=example_bash_operator
AIRFLOW_CTX_TASK_ID=also_run_this
AIRFLOW_CTX_EXECUTION_DATE=2022-11-15T00:00:00+00:00
AIRFLOW_CTX_DAG_RUN_ID=scheduled__2022-11-15T00:00:00+00:00
[2022-11-16 02:35:07,350] {subprocess.py:62} INFO - Tmp dir root location: 
 /tmp
[2022-11-16 02:35:07,351] {subprocess.py:74} INFO - Running command: ['bash', '-c', 'echo "run_id=scheduled__2022-11-15T00:00:00+00:00 | dag_run=<DagRun example_bash_operator @ 2022-11-15 00:00:00+00:00: scheduled__2022-11-15T00:00:00+00:00, externally triggered: False>"']
[2022-11-16 02:35:07,355] {subprocess.py:85} INFO - Output:
[2022-11-16 02:35:07,356] {subprocess.py:89} INFO - run_id=scheduled__2022-11-15T00:00:00+00:00 | dag_run=<DagRun example_bash_operator @ 2022-11-15 00:00:00+00:00: scheduled__2022-11-15T00:00:00+00:00, externally triggered: False>
[2022-11-16 02:35:07,356] {subprocess.py:93} INFO - Command exited with return code 0
[2022-11-16 02:35:07,373] {taskinstance.py:1282} INFO - Marking task as SUCCESS. dag_id=example_bash_operator, task_id=also_run_this, execution_date=20221115T000000, start_date=20221116T023507, end_date=20221116T023507
[2022-11-16 02:35:07,414] {local_task_job.py:154} INFO - Task exited with return code 0
[2022-11-16 02:35:07,427] {local_task_job.py:264} INFO - 0 downstream tasks scheduled from follow-on schedule check
