[2022-11-16 02:35:02,439] {taskinstance.py:1037} INFO - Dependencies all met for <TaskInstance: example_bash_operator.runme_1 scheduled__2022-11-15T00:00:00+00:00 [queued]>
[2022-11-16 02:35:02,444] {taskinstance.py:1037} INFO - Dependencies all met for <TaskInstance: example_bash_operator.runme_1 scheduled__2022-11-15T00:00:00+00:00 [queued]>
[2022-11-16 02:35:02,444] {taskinstance.py:1243} INFO - 
--------------------------------------------------------------------------------
[2022-11-16 02:35:02,444] {taskinstance.py:1244} INFO - Starting attempt 1 of 1
[2022-11-16 02:35:02,444] {taskinstance.py:1245} INFO - 
--------------------------------------------------------------------------------
[2022-11-16 02:35:02,457] {taskinstance.py:1264} INFO - Executing <Task(BashOperator): runme_1> on 2022-11-15 00:00:00+00:00
[2022-11-16 02:35:02,459] {standard_task_runner.py:52} INFO - Started process 16754 to run task
[2022-11-16 02:35:02,461] {standard_task_runner.py:76} INFO - Running: ['airflow', 'tasks', 'run', 'example_bash_operator', 'runme_1', 'scheduled__2022-11-15T00:00:00+00:00', '--job-id', '4', '--raw', '--subdir', '/usr/local/lib/python3.7/site-packages/airflow/example_dags/example_bash_operator.py', '--cfg-path', '/tmp/tmp6azo0zj2', '--error-file', '/tmp/tmpornc2ofc']
[2022-11-16 02:35:02,462] {standard_task_runner.py:77} INFO - Job 4: Subtask runme_1
[2022-11-16 02:35:02,494] {logging_mixin.py:109} INFO - Running <TaskInstance: example_bash_operator.runme_1 scheduled__2022-11-15T00:00:00+00:00 [running]> on host b1a92a8eed34
[2022-11-16 02:35:02,529] {taskinstance.py:1431} INFO - Exporting the following env vars:
AIRFLOW_CTX_DAG_OWNER=airflow
AIRFLOW_CTX_DAG_ID=example_bash_operator
AIRFLOW_CTX_TASK_ID=runme_1
AIRFLOW_CTX_EXECUTION_DATE=2022-11-15T00:00:00+00:00
AIRFLOW_CTX_DAG_RUN_ID=scheduled__2022-11-15T00:00:00+00:00
[2022-11-16 02:35:02,529] {subprocess.py:62} INFO - Tmp dir root location: 
 /tmp
[2022-11-16 02:35:02,530] {subprocess.py:74} INFO - Running command: ['bash', '-c', 'echo "example_bash_operator__runme_1__20221115" && sleep 1']
[2022-11-16 02:35:02,534] {subprocess.py:85} INFO - Output:
[2022-11-16 02:35:02,535] {subprocess.py:89} INFO - example_bash_operator__runme_1__20221115
[2022-11-16 02:35:03,536] {subprocess.py:93} INFO - Command exited with return code 0
[2022-11-16 02:35:03,562] {taskinstance.py:1282} INFO - Marking task as SUCCESS. dag_id=example_bash_operator, task_id=runme_1, execution_date=20221115T000000, start_date=20221116T023502, end_date=20221116T023503
[2022-11-16 02:35:03,596] {local_task_job.py:154} INFO - Task exited with return code 0
[2022-11-16 02:35:03,610] {local_task_job.py:264} INFO - 0 downstream tasks scheduled from follow-on schedule check
