[2022-11-16 02:35:04,837] {taskinstance.py:1037} INFO - Dependencies all met for <TaskInstance: example_bash_operator.runme_2 scheduled__2022-11-15T00:00:00+00:00 [queued]>
[2022-11-16 02:35:04,842] {taskinstance.py:1037} INFO - Dependencies all met for <TaskInstance: example_bash_operator.runme_2 scheduled__2022-11-15T00:00:00+00:00 [queued]>
[2022-11-16 02:35:04,842] {taskinstance.py:1243} INFO - 
--------------------------------------------------------------------------------
[2022-11-16 02:35:04,842] {taskinstance.py:1244} INFO - Starting attempt 1 of 1
[2022-11-16 02:35:04,842] {taskinstance.py:1245} INFO - 
--------------------------------------------------------------------------------
[2022-11-16 02:35:04,854] {taskinstance.py:1264} INFO - Executing <Task(BashOperator): runme_2> on 2022-11-15 00:00:00+00:00
[2022-11-16 02:35:04,856] {standard_task_runner.py:52} INFO - Started process 16759 to run task
[2022-11-16 02:35:04,859] {standard_task_runner.py:76} INFO - Running: ['airflow', 'tasks', 'run', 'example_bash_operator', 'runme_2', 'scheduled__2022-11-15T00:00:00+00:00', '--job-id', '5', '--raw', '--subdir', '/usr/local/lib/python3.7/site-packages/airflow/example_dags/example_bash_operator.py', '--cfg-path', '/tmp/tmpg49v0o2d', '--error-file', '/tmp/tmpcv2daf3e']
[2022-11-16 02:35:04,859] {standard_task_runner.py:77} INFO - Job 5: Subtask runme_2
[2022-11-16 02:35:04,893] {logging_mixin.py:109} INFO - Running <TaskInstance: example_bash_operator.runme_2 scheduled__2022-11-15T00:00:00+00:00 [running]> on host b1a92a8eed34
[2022-11-16 02:35:04,928] {taskinstance.py:1431} INFO - Exporting the following env vars:
AIRFLOW_CTX_DAG_OWNER=airflow
AIRFLOW_CTX_DAG_ID=example_bash_operator
AIRFLOW_CTX_TASK_ID=runme_2
AIRFLOW_CTX_EXECUTION_DATE=2022-11-15T00:00:00+00:00
AIRFLOW_CTX_DAG_RUN_ID=scheduled__2022-11-15T00:00:00+00:00
[2022-11-16 02:35:04,928] {subprocess.py:62} INFO - Tmp dir root location: 
 /tmp
[2022-11-16 02:35:04,929] {subprocess.py:74} INFO - Running command: ['bash', '-c', 'echo "example_bash_operator__runme_2__20221115" && sleep 1']
[2022-11-16 02:35:04,933] {subprocess.py:85} INFO - Output:
[2022-11-16 02:35:04,934] {subprocess.py:89} INFO - example_bash_operator__runme_2__20221115
[2022-11-16 02:35:05,935] {subprocess.py:93} INFO - Command exited with return code 0
[2022-11-16 02:35:05,961] {taskinstance.py:1282} INFO - Marking task as SUCCESS. dag_id=example_bash_operator, task_id=runme_2, execution_date=20221115T000000, start_date=20221116T023504, end_date=20221116T023505
[2022-11-16 02:35:05,995] {local_task_job.py:154} INFO - Task exited with return code 0
[2022-11-16 02:35:06,018] {local_task_job.py:264} INFO - 1 downstream tasks scheduled from follow-on schedule check
