[2022-11-16 02:35:08,648] {taskinstance.py:1037} INFO - Dependencies all met for <TaskInstance: example_bash_operator.this_will_skip scheduled__2022-11-15T00:00:00+00:00 [queued]>
[2022-11-16 02:35:08,652] {taskinstance.py:1037} INFO - Dependencies all met for <TaskInstance: example_bash_operator.this_will_skip scheduled__2022-11-15T00:00:00+00:00 [queued]>
[2022-11-16 02:35:08,652] {taskinstance.py:1243} INFO - 
--------------------------------------------------------------------------------
[2022-11-16 02:35:08,652] {taskinstance.py:1244} INFO - Starting attempt 1 of 1
[2022-11-16 02:35:08,652] {taskinstance.py:1245} INFO - 
--------------------------------------------------------------------------------
[2022-11-16 02:35:08,665] {taskinstance.py:1264} INFO - Executing <Task(BashOperator): this_will_skip> on 2022-11-15 00:00:00+00:00
[2022-11-16 02:35:08,667] {standard_task_runner.py:52} INFO - Started process 16769 to run task
[2022-11-16 02:35:08,670] {standard_task_runner.py:76} INFO - Running: ['airflow', 'tasks', 'run', 'example_bash_operator', 'this_will_skip', 'scheduled__2022-11-15T00:00:00+00:00', '--job-id', '7', '--raw', '--subdir', '/usr/local/lib/python3.7/site-packages/airflow/example_dags/example_bash_operator.py', '--cfg-path', '/tmp/tmp4dz3yswd', '--error-file', '/tmp/tmp2rsuob7q']
[2022-11-16 02:35:08,671] {standard_task_runner.py:77} INFO - Job 7: Subtask this_will_skip
[2022-11-16 02:35:08,703] {logging_mixin.py:109} INFO - Running <TaskInstance: example_bash_operator.this_will_skip scheduled__2022-11-15T00:00:00+00:00 [running]> on host b1a92a8eed34
[2022-11-16 02:35:08,737] {taskinstance.py:1431} INFO - Exporting the following env vars:
AIRFLOW_CTX_DAG_OWNER=airflow
AIRFLOW_CTX_DAG_ID=example_bash_operator
AIRFLOW_CTX_TASK_ID=this_will_skip
AIRFLOW_CTX_EXECUTION_DATE=2022-11-15T00:00:00+00:00
AIRFLOW_CTX_DAG_RUN_ID=scheduled__2022-11-15T00:00:00+00:00
[2022-11-16 02:35:08,738] {subprocess.py:62} INFO - Tmp dir root location: 
 /tmp
[2022-11-16 02:35:08,738] {subprocess.py:74} INFO - Running command: ['bash', '-c', 'echo "hello world"; exit 99;']
[2022-11-16 02:35:08,742] {subprocess.py:85} INFO - Output:
[2022-11-16 02:35:08,743] {subprocess.py:89} INFO - hello world
[2022-11-16 02:35:08,743] {subprocess.py:93} INFO - Command exited with return code 99
[2022-11-16 02:35:08,745] {taskinstance.py:1361} INFO - Bash command returned exit code 99. Skipping.
[2022-11-16 02:35:08,749] {taskinstance.py:1282} INFO - Marking task as SKIPPED. dag_id=example_bash_operator, task_id=this_will_skip, execution_date=20221115T000000, start_date=20221116T023508, end_date=20221116T023508
[2022-11-16 02:35:08,801] {local_task_job.py:154} INFO - Task exited with return code 0
[2022-11-16 02:35:08,823] {local_task_job.py:264} INFO - 0 downstream tasks scheduled from follow-on schedule check
